<?xml version="1.0" encoding="UTF-8"?>
<testng-results skipped="0" failed="0" ignored="0" total="1" passed="1">
  <reporter-output>
  </reporter-output>
  <suite name="Default suite" duration-ms="1787" started-at="2018-03-08T19:38:31Z" finished-at="2018-03-08T19:38:33Z">
    <groups>
    </groups>
    <test name="Default test" duration-ms="1787" started-at="2018-03-08T19:38:31Z" finished-at="2018-03-08T19:38:33Z">
      <class name="agileTrailBlazers.stepdefination.StepdefinationTest">
        <test-method status="PASS" signature="setUp()[pri:0, instance:agileTrailBlazers.stepdefination.StepdefinationTest@224edc67]" name="setUp" is-config="true" duration-ms="1633" started-at="2018-03-08T14:38:31Z" finished-at="2018-03-08T14:38:32Z">
          <reporter-output>
          </reporter-output>
        </test-method> <!-- setUp -->
        <test-method status="PASS" signature="test1()[pri:0, instance:agileTrailBlazers.stepdefination.StepdefinationTest@224edc67]" name="test1" duration-ms="139" started-at="2018-03-08T14:38:32Z" finished-at="2018-03-08T14:38:33Z">
          <reporter-output>
          </reporter-output>
        </test-method> <!-- test1 -->
      </class> <!-- agileTrailBlazers.stepdefination.StepdefinationTest -->
    </test> <!-- Default test -->
  </suite> <!-- Default suite -->
</testng-results>
